* Checking for deprecated package usage... OK
* Checking for remote package usage... OK
* Checking for 'LazyData: true' usage... OK
* Checking version number... OK
* Checking version number validity... OK
* Checking R version dependency...
* NOTE: Update R version dependency from 4.1.0 to 4.4.0.
* Checking package size... OK
* Checking individual file sizes... OK
* Checking biocViews... OK
* Checking that biocViews are present... OK
* Checking package type based on biocViews... OK
* Checking for non-trivial biocViews... OK
* Checking that biocViews come from the same category... OK
* Checking biocViews validity... OK
* Checking for recommended biocViews...
* NOTE: Consider adding these automatically suggested biocViews: GeneExpression, ATACSeq, DNASeq, RNASeq
* Checking build system compatibility... OK
* Checking for blank lines in DESCRIPTION... OK
* Checking if DESCRIPTION is well formatted... OK
* Checking for proper Description: field... OK
* Checking for whitespace in DESCRIPTION field names... OK
* Checking that Package field matches directory/tarball name... OK
* Checking for Version: field... OK
* Checking for valid maintainer... OK
* Checking License: for restrictive use... OK
* Checking for recommended DESCRIPTION fields...
* NOTE: Provide 'URL', 'BugReports' field(s) in DESCRIPTION
* Checking for Bioconductor software dependencies... OK
* Checking for pinned package versions in DESCRIPTION... OK
* Checking .Rbuildignore... OK
* Checking for stray BiocCheck output folders... OK
* Checking for inst/doc folders... OK
* Checking vignette directory... OK
* Checking package installation calls in R code... OK
* Checking for library/require of neuRoDev... OK
* Checking coding practice...
* NOTE:  Avoid sapply(); use vapply()
Found in files:
R/get_average_subclass_vs_stage.R (line 32, column 30)
* Checking parsed R code in R directory, examples, vignettes...
* NOTE: Use accessors; don't access S4 class slots via '@' in examples/vignettes.
* Checking function lengths...
* NOTE: The recommended function length is 50 lines or less. There are 7 functions greater than 50 lines.
The longest 5 functions are:
plot_net() (R/plot_net.R): 312 lines
map_eTrace() (R/map_eTrace.R): 261 lines
plotNetworkScore() (R/plotNetworkScore.R): 242 lines
plotSameLayout() (R/plotSameLayout.R): 211 lines
annotateMapping() (R/annotateMapping.R): 118 lines
* Checking man page documentation...
* WARNING: Empty or missing \value sections found in man page(s).
Found in files:
man/corticogenesis.sce.Rd
man/gliogenesis.sce.Rd
man/neurogenesis.sce.Rd
* ERROR: At least 80% of man pages documenting exported objects must have runnable examples.
The following pages do not:
corticogenesis.sce.Rd
gliogenesis.sce.Rd
neurogenesis.sce.Rd
* Checking package NEWS... OK
* Checking unit tests... OK
* Checking skip_on_bioc() in tests... OK
* Checking formatting of DESCRIPTION, NAMESPACE, man pages, R source, and vignette source...
* NOTE: Consider shorter lines; 230 lines (9%) are > 80 characters long.
First few lines:
R/annotateMapping.R#L17 #' m <- matrix(sample(seq(1,10, length.o ...
R/annotateMapping.R#L20 #' net <- SingleCellExperiment::SingleCe ...
R/annotateMapping.R#L22 #' subclass_palette <- c('A' = 'red', 'B ...
R/annotateMapping.R#L25 #' stages_palette <- c('S1' = 'pink', 'S ...
R/annotateMapping.R#L27 #' net$X_coord <- sample(seq(1,2, length ...
R/annotateMapping.R#L28 #' net$Y_coord <- sample(seq(1,2, length ...
R/annotateMapping.R#L35 #' edges_weight <- sample(seq(0,1, lengt ...
R/annotateMapping.R#L44 #' SummarizedExperiment::rowData(net)$in ...
R/annotateMapping.R#L46 #' new_profiles <- matrix(sample(seq(1,1 ...
R/annotateMapping.R#L49 #' common_genes <- intersect(rownames(ne ...
R/annotateMapping.R#L51 #' new_cor <- stats::cor(t(apply(as.matr ...
R/annotateMapping.R#L66   if(is.character(color_attr) && length( ...
R/annotateMapping.R#L69   if(is.character(col_vector) && length( ...
R/annotateMapping.R#L76   idx_annotation <- which(apply(as.data. ...
R/annotateMapping.R#L80   annotation_legend <- colnames(SingleCe ...
R/annotateMapping.R#L89   #   names(cors_filt) <- SingleCellExpe ...
R/annotateMapping.R#L118                                 function ...
R/annotateMapping.R#L140   df$Var2 <- factor(df$Var2, levels = gt ...
R/annotateMapping.R#L151     ggplot2::scale_fill_manual(values =  ...
R/annotateMapping.R#L155                    axis.text.x = ggplot2 ...
R/annotateMapping.R#L159   annotations_confidence <- lapply(seq(1 ...
R/corticogenesis.sce.R#L14 #'   \item{assays}{A list containing one ...
R/corticogenesis.sce.R#L19 #'   subclass-level pseudobulks (`subcla ...
R/corticogenesis.sce.R#L38     message("Downloading the corticogene ...
R/get_average_subclass_vs_stage.R#L9 #' m <- matrix(sample(seq(1,10, length.o ...
R/get_average_subclass_vs_stage.R#L12 #' net <- SingleCellExperiment::SingleCe ...
R/get_average_subclass_vs_stage.R#L15 #' neuRoDev:::get_average_subclass_vs_st ...
R/get_column_group_average.R#L27     return(t((rowsum(t(M_sub), colnames( ...
R/get_column_group_average.R#L30   M_sub_comp <- as.matrix(M[,which(!grou ...
R/get_column_group_average.R#L37   group_sub <- group[which(group %in% na ...
R/get_eMatrix.R#L12 #' m <- matrix(sample(seq(1,10, length.o ...
R/get_eMatrix.R#L15 #' net <- SingleCellExperiment::SingleCe ...
R/get_eMatrix.R#L23   RandSets <- lapply(seq(1,nRand), funct ...
R/get_eMatrix.R#L25   RandSets <- lapply(RandSets, function( ...
R/get_eTrace.R#L7 #' @return An S4Vectors List with the av ...
R/get_eTrace.R#L12 #' m <- matrix(sample(seq(1,10, length.o ...
R/get_eTrace.R#L15 #' net <- SingleCellExperiment::SingleCe ...
R/get_eTrace.R#L17 #' subclass_palette <- c('A' = 'red', 'B ...
R/get_eTrace.R#L20 #' stages_palette <- c('S1' = 'pink', 'S ...
R/get_eTrace.R#L22 #' net$X_coord <- sample(seq(1,2, length ...
R/get_eTrace.R#L23 #' net$Y_coord <- sample(seq(1,2, length ...
R/get_eTrace.R#L30 #' edges_weight <- sample(seq(0,1, lengt ...
R/get_eTrace.R#L39 #' SummarizedExperiment::rowData(net)$in ...
R/get_eTrace.R#L47     message(paste0(genes[which(!genes %i ...
R/get_eTrace.R#L56     y <- Matrix::colMeans(t(scale(t(as.m ...
R/get_eTrace.R#L63       Matrix::colMeans(t(scale(t(as.matr ...
R/get_eTrace.R#L65       v <- SingleCellExperiment::logcoun ...
R/get_matrix_from_list.R#L5 #' @return A matrix with as columns each ...
R/get_pseudobulk.R#L7 #' @return A SingleCellExperiment object ...
R/get_pseudobulk.R#L12 #' exp_matrix <- matrix(sample(seq(1,10, ...
R/get_pseudobulk.R#L13 #' membership_vector <- c(rep('A', 25),  ...
R/get_pseudobulk.R#L24   norm_counts <- log2((t(t(pseudo_counts ...
R/get_pseudobulk.R#L26   out <- SingleCellExperiment::SingleCel ...
R/get_pseudobulk.R#L27                                          ...
R/gliogenesis.sce.R#L14 #'   \item{assays}{A list containing one ...
R/gliogenesis.sce.R#L19 #'   subclass-level pseudobulks (`subcla ...
R/map_eTrace.R#L14 #' @return The plot of the eTraces divid ...
R/map_eTrace.R#L19 #' m <- matrix(sample(seq(1,10, length.o ...
R/map_eTrace.R#L22 #' net <- SingleCellExperiment::SingleCe ...
R/map_eTrace.R#L24 #' subclass_palette <- c('A' = 'red', 'B ...
R/map_eTrace.R#L27 #' stages_palette <- c('S1' = 'pink', 'S ...
R/map_eTrace.R#L29 #' net$X_coord <- sample(seq(1,2, length ...
R/map_eTrace.R#L30 #' net$Y_coord <- sample(seq(1,2, length ...
R/map_eTrace.R#L37 #' edges_weight <- sample(seq(0,1, lengt ...
R/map_eTrace.R#L38 #' edges_df <- data.frame('from' = edges ...
R/map_eTrace.R#L44 #' SummarizedExperiment::rowData(net)$in ...
R/map_eTrace.R#L46 #' new_profiles <- matrix(sample(seq(1,1 ...
R/map_eTrace.R#L103     derived_subclass_color <- lower_colo ...
R/map_eTrace.R#L123         message(paste0(genes[which(!gene ...
R/map_eTrace.R#L130         eTrace <- S4Vectors::List(z = Si ...
R/map_eTrace.R#L132         eTrace <- S4Vectors::List(z = Ma ...
R/map_eTrace.R#L138           message(paste0(genes[which(!ge ...
R/map_eTrace.R#L198                              c(rep(0.5,  ...
R/map_eTrace.R#L200                              c(rep(0.5,  ...
R/map_eTrace.R#L223       offset_x[which(derived_x > stats:: ...
R/map_eTrace.R#L224       offset_x[which(derived_x < stats:: ...
R/map_eTrace.R#L226       offset_y[which(derived_y > stats:: ...
R/map_eTrace.R#L227       offset_y[which(derived_y < stats:: ...
R/map_eTrace.R#L242     graphics::text(new_x, new_y, labels  ...
R/map_eTrace.R#L248                              c(rep(0.5,  ...
R/map_eTrace.R#L250                              c(rep(0.5,  ...
R/map_eTrace.R#L268     graphics::text(new_x, new_y, labels  ...
R/map_eTrace.R#L273       plot(c(xs, derived_x[i]), c(ys, de ...
R/map_eTrace.R#L275            col=scales::alpha(c(upper_col ...
R/map_eTrace.R#L285       graphics::lines(stats::smooth.spli ...
R/map_eTrace.R#L286       graphics::text(x = derived_x[i], y ...
R/map_eTrace.R#L292            col=scales::alpha(c(lower_col ...
R/map_eTrace.R#L302       graphics::lines(stats::smooth.spli ...
R/map_eTrace.R#L303       graphics::text(x = derived_x[i], y ...
R/mapNetwork.R#L24 #' m <- matrix(sample(seq(1,10, length.o ...
R/mapNetwork.R#L27 #' net <- SingleCellExperiment::SingleCe ...
R/mapNetwork.R#L29 #' subclass_palette <- c('A' = 'red', 'B ...
R/mapNetwork.R#L32 #' stages_palette <- c('S1' = 'pink', 'S ...
R/mapNetwork.R#L34 #' net$X_coord <- sample(seq(1,2, length ...
R/mapNetwork.R#L35 #' net$Y_coord <- sample(seq(1,2, length ...
R/mapNetwork.R#L42 #' edges_weight <- sample(seq(0,1, lengt ...
R/mapNetwork.R#L52 #' new_profiles <- matrix(sample(seq(1,1 ...
R/mapNetwork.R#L85     colnames(new_profiles)[which(colname ...
R/mapNetwork.R#L88   common_genes <- intersect(rownames(net ...
R/mapNetwork.R#L89   new_cor <- stats::cor(as.matrix(Single ...
R/neurogenesis.sce.R#L14 #'   \item{assays}{A list containing one ...
R/neurogenesis.sce.R#L19 #'   subclass-level pseudobulks (`subcla ...
R/plot_eMatrix.R#L11 #' m <- matrix(sample(seq(1,10, length.o ...
R/plot_eMatrix.R#L14 #' net <- SingleCellExperiment::SingleCe ...
R/plot_eMatrix.R#L17 #' stages_palette <- c('S1' = 'pink', 'S ...
R/plot_eMatrix.R#L36   right_ha <- ComplexHeatmap::rowAnnotat ...
R/plot_eMatrix.R#L37   ComplexHeatmap::Heatmap(z, cluster_row ...
R/plot_eTrace.R#L16 #' m <- matrix(sample(seq(1,10, length.o ...
R/plot_eTrace.R#L19 #' net <- SingleCellExperiment::SingleCe ...
R/plot_eTrace.R#L21 #' subclass_palette <- c('A' = 'red', 'B ...
R/plot_eTrace.R#L24 #' stages_palette <- c('S1' = 'pink', 'S ...
R/plot_eTrace.R#L26 #' net$X_coord <- sample(seq(1,2, length ...
R/plot_eTrace.R#L27 #' net$Y_coord <- sample(seq(1,2, length ...
R/plot_eTrace.R#L34 #' edges_weight <- sample(seq(0,1, lengt ...
R/plot_eTrace.R#L43 #' SummarizedExperiment::rowData(net)$in ...
R/plot_eTrace.R#L77         message(paste0(genes[which(!gene ...
R/plot_eTrace.R#L84         eTrace <- S4Vectors::List(z = Si ...
R/plot_eTrace.R#L86         eTrace <- S4Vectors::List(z = Ma ...
R/plot_eTrace.R#L92           message(paste0(genes[which(!ge ...
R/plot_eTrace.R#L122   graphics::lines(stats::smooth.spline(x ...
R/plot_eTrace.R#L129   graphics::lines(stats::smooth.spline(x ...
R/plot_net.R#L11 #' @param only_new_points A boolean, if  ...
R/plot_net.R#L21 #' m <- matrix(sample(seq(1,10, length.o ...
R/plot_net.R#L24 #' net <- SingleCellExperiment::SingleCe ...
R/plot_net.R#L26 #' subclass_palette <- c('A' = 'red', 'B ...
R/plot_net.R#L29 #' stages_palette <- c('S1' = 'pink', 'S ...
R/plot_net.R#L31 #' net$X_coord <- sample(seq(1,2, length ...
R/plot_net.R#L32 #' net$Y_coord <- sample(seq(1,2, length ...
R/plot_net.R#L39 #' edges_weight <- sample(seq(0,1, lengt ...
R/plot_net.R#L48 #' SummarizedExperiment::rowData(net)$in ...
R/plot_net.R#L73   idxs_new_points <- gtools::mixedorder( ...
R/plot_net.R#L75                           levels = c(uni ...
R/plot_net.R#L77                          levels = c(gtoo ...
R/plot_net.R#L84     idxs <- which(edges$from %in% unique ...
R/plot_net.R#L85     idxs <- c(idxs, which(edges$to %in%  ...
R/plot_net.R#L91                               levels = c ...
R/plot_net.R#L102                                          ...
R/plot_net.R#L105       colors_to_use <- c(colors_to_use,  ...
R/plot_net.R#L111       new_points_col <- rep(new_points_c ...
R/plot_net.R#L126     to_use[which(is_number(as.vector(lay ...
R/plot_net.R#L127     layout[which(layout[,4] %in% new_poi ...
R/plot_net.R#L139                                      lin ...
R/plot_net.R#L143                                  mapping ...
R/plot_net.R#L144                                          ...
R/plot_net.R#L146                                          ...
R/plot_net.R#L151       ggplot2::scale_colour_gradientn(co ...
R/plot_net.R#L154       ggplot2::scale_fill_gradientn(colo ...
R/plot_net.R#L176                                      lin ...
R/plot_net.R#L180                                  mapping ...
R/plot_net.R#L181                                          ...
R/plot_net.R#L183                                          ...
R/plot_net.R#L184                                          ...
R/plot_net.R#L189                                   guide  ...
R/plot_net.R#L190                                          ...
R/plot_net.R#L191                                          ...
R/plot_net.R#L193                                  guide = ...
R/plot_net.R#L194                                          ...
R/plot_net.R#L195                                          ...
R/plot_net.R#L196                                          ...
R/plot_net.R#L209                                          ...
R/plot_net.R#L226         c <- c[which(as.numeric(as.vecto ...
R/plot_net.R#L261         all_colors <- c(all_colors, rep( ...
R/plot_net.R#L264         all_colors <- c(all_colors, new_ ...
R/plot_net.R#L302         c <- c[which(as.numeric(as.vecto ...
R/plot_net.R#L332         all_colors <- c(all_colors, rep( ...
R/plot_net.R#L335         all_colors <- c(all_colors, new_ ...
R/plotNetwork.R#L12 #' m <- matrix(sample(seq(1,10, length.o ...
R/plotNetwork.R#L15 #' net <- SingleCellExperiment::SingleCe ...
R/plotNetwork.R#L17 #' subclass_palette <- c('A' = 'red', 'B ...
R/plotNetwork.R#L19 #' net$X_coord <- sample(seq(1,2, length ...
R/plotNetwork.R#L20 #' net$Y_coord <- sample(seq(1,2, length ...
R/plotNetwork.R#L27 #' edges_weight <- sample(seq(0,1, lengt ...
R/plotNetwork.R#L28 #' edges_df <- data.frame('from' = edges ...
R/plotNetwork.R#L48   if(is.character(label_attr) && length( ...
R/plotNetwork.R#L52   if(is.character(color_attr) && length( ...
R/plotNetwork.R#L59   if(is.character(col_vector) && length( ...
R/plotNetwork.R#L71       col_vector <- Polychrome::createPa ...
R/plotNetworkScore.R#L4 #' @param genes The genes to consider fo ...
R/plotNetworkScore.R#L8 #' @param smooth A boolean, if TRUE (def ...
R/plotNetworkScore.R#L12 #' @param normalize A boolean, if TRUE ( ...
R/plotNetworkScore.R#L26 #' m <- matrix(sample(seq(1,10, length.o ...
R/plotNetworkScore.R#L29 #' net <- SingleCellExperiment::SingleCe ...
R/plotNetworkScore.R#L31 #' subclass_palette <- c('A' = 'red', 'B ...
R/plotNetworkScore.R#L33 #' net$X_coord <- sample(seq(1,2, length ...
R/plotNetworkScore.R#L34 #' net$Y_coord <- sample(seq(1,2, length ...
R/plotNetworkScore.R#L41 #' edges_weight <- sample(seq(0,1, lengt ...
R/plotNetworkScore.R#L42 #' edges_df <- data.frame('from' = edges ...
R/plotNetworkScore.R#L64   if (palette %in% c("greys", "inferno", ...
R/plotNetworkScore.R#L70                       BlGrRd = (grDevice ...
R/plotNetworkScore.R#L71                       Spectral = (grDevi ...
R/plotNetworkScore.R#L72                       RdYlBu = (grDevice ...
R/plotNetworkScore.R#L78   if(is.character(label_attr) && length( ...
R/plotNetworkScore.R#L88       message(paste0(genes[which(!genes  ...
R/plotNetworkScore.R#L106         message(paste0(genes[which(!gene ...
R/plotNetworkScore.R#L132     network <- igraph::graph_from_adjace ...
R/plotNetworkScore.R#L163     i[["weight"]] <- as.numeric(i[["weig ...
R/plotNetworkScore.R#L164                                          ...
R/plotNetworkScore.R#L212                                    linew ...
R/plotNetworkScore.R#L218                                          ...
R/plotNetworkScore.R#L219                                          ...
R/plotNetworkScore.R#L220                                          ...
R/plotNetworkScore.R#L227                                          ...
R/plotNetworkScore.R#L228     ggplot2::scale_colour_gradientn(colo ...
R/plotNetworkScore.R#L238                                          ...
R/plotSameLayout.R#L17 #' @param plot A boolean, if TRUE the ma ...
R/plotSameLayout.R#L30 #' m <- matrix(sample(seq(1,10, length.o ...
R/plotSameLayout.R#L33 #' net <- SingleCellExperiment::SingleCe ...
R/plotSameLayout.R#L35 #' subclass_palette <- c('A' = 'red', 'B ...
R/plotSameLayout.R#L38 #' stages_palette <- c('S1' = 'pink', 'S ...
R/plotSameLayout.R#L40 #' net$X_coord <- sample(seq(1,2, length ...
R/plotSameLayout.R#L41 #' net$Y_coord <- sample(seq(1,2, length ...
R/plotSameLayout.R#L48 #' edges_weight <- sample(seq(0,1, lengt ...
R/plotSameLayout.R#L57 #' SummarizedExperiment::rowData(net)$in ...
R/plotSameLayout.R#L59 #' new_profiles <- matrix(sample(seq(1,1 ...
R/plotSameLayout.R#L62 #' common_genes <- intersect(rownames(ne ...
R/plotSameLayout.R#L64 #' new_cor <- stats::cor(t(apply(as.matr ...
R/plotSameLayout.R#L105   if(is.character(label_attr) && length( ...
R/plotSameLayout.R#L108   if(is.character(color_attr) && length( ...
R/plotSameLayout.R#L111   if(is.character(col_vector) && length( ...
R/plotSameLayout.R#L165     new_clusters[which(new_clusters %in% ...
R/plotSameLayout.R#L235   new_layout[which(color_attr %in% new_n ...
R/plotSameLayout.R#L241   new_layout <- new_layout[order(match(n ...
R/split_sce_cols.R#L9 #' m <- matrix(sample(seq(1,10, length.o ...
R/split_sce_cols.R#L12 #' net <- SingleCellExperiment::SingleCe ...
R/value_table.R#L8 #' @param reciprocal A boolean variable. ...
R/value_table.R#L10 #' @param compute_means A boolean variab ...
R/zzz.R#L2   utils::globalVariables(c("Var1", "Var2 ...
vignettes/neuRoDev.Rmd#L33 All the main functionalities of neuRoDev ...
vignettes/neuRoDev.Rmd#L45 > **Developmental single-cell transcript ...
vignettes/neuRoDev.Rmd#L51 [Zonca&, Bot&, and Davila-Velderrain, 20 ...
* NOTE: Consider multiples of 4 spaces for line indents; 936 lines (38%) are not.
First few lines:
R/annotateMapping.R#L62   if(is.null(col_vector)) { ...
R/annotateMapping.R#L64   } ...
R/annotateMapping.R#L66   if(is.character(color_attr) && length( ...
R/annotateMapping.R#L68   } ...
R/annotateMapping.R#L69   if(is.character(col_vector) && length( ...
R/annotateMapping.R#L71   } ...
R/annotateMapping.R#L73   color_attr <- as.vector(color_attr) ...
R/annotateMapping.R#L74   names(col_vector) <- color_attr ...
R/annotateMapping.R#L76   idx_annotation <- which(apply(as.data. ...
R/annotateMapping.R#L78   })) ...
R/annotateMapping.R#L80   annotation_legend <- colnames(SingleCe ...
R/annotateMapping.R#L82   n_nearest <- min(n_nearest, nrow(net)- ...
R/annotateMapping.R#L84   # annotation_tables <- list() ...
R/annotateMapping.R#L85   # ...
R/annotateMapping.R#L86   # for (c in colnames(new_cor)) { ...
R/annotateMapping.R#L87   #   cors <- new_cor[,c] ...
R/annotateMapping.R#L88   #   cors_filt <- sort(cors, decreasing ...
R/annotateMapping.R#L89   #   names(cors_filt) <- SingleCellExpe ...
R/annotateMapping.R#L90   #   annotations <- value_table(cors_fi ...
R/annotateMapping.R#L91   #                              perc =  ...
R/annotateMapping.R#L92   #                              recipro ...
R/annotateMapping.R#L93   #                              compute ...
R/annotateMapping.R#L94   #   annotation_tables[[c]] <- annotati ...
R/annotateMapping.R#L95   # } ...
R/annotateMapping.R#L97   all_orders <- apply(new_cor, 2, order, ...
R/annotateMapping.R#L99   annot <- SingleCellExperiment::colData ...
R/annotateMapping.R#L101   annotation_tables <- lapply( ...
R/annotateMapping.R#L104       top_idx <- all_orders[seq_len(n_ne ...
R/annotateMapping.R#L106       cors_filt <- new_cor[top_idx, j] ...
R/annotateMapping.R#L107       names(cors_filt) <- annot[top_idx] ...
R/annotateMapping.R#L109       value_table(cors_filt, ...
R/annotateMapping.R#L110                   perc = TRUE, ...
R/annotateMapping.R#L111                   reciprocal = TRUE, ...
R/annotateMapping.R#L112                   compute_means = comput ...
R/annotateMapping.R#L114   ) ...
R/annotateMapping.R#L115   names(annotation_tables) <- colnames(n ...
R/annotateMapping.R#L117   mean_confidence <- apply(new_cor, 2, ...
R/annotateMapping.R#L120   max_annotation <- unlist(lapply(annota ...
R/annotateMapping.R#L122   })) ...
R/annotateMapping.R#L123   max_value <- unlist(lapply(annotation_ ...
R/annotateMapping.R#L125   })) ...
R/annotateMapping.R#L126   names(max_value) <- max_annotation ...
R/annotateMapping.R#L127   m <- get_matrix_from_list(annotation_t ...
R/annotateMapping.R#L128   if(length(unique(as.vector(m))) == 1)  ...
R/annotateMapping.R#L130            you map or the label attribut ...
R/annotateMapping.R#L131   } ...
R/annotateMapping.R#L133   df <- reshape2::melt(m) ...
R/annotateMapping.R#L134   df$Var1 <- as.character(df$Var1) ...
R/annotateMapping.R#L135   if(order_names) { ...
R/annotateMapping.R#L137   } else { ...
R/annotateMapping.R#L139   } ...
R/annotateMapping.R#L140   df$Var2 <- factor(df$Var2, levels = gt ...
R/annotateMapping.R#L141   plot <- ggplot2::ggplot(data = df, ...
R/annotateMapping.R#L142                           ggplot2::aes(x ...
R/annotateMapping.R#L143                                        y ...
R/annotateMapping.R#L144                                        f ...
R/annotateMapping.R#L147                   y = "Values", ...
R/annotateMapping.R#L148                   fill = annotation_lege ...
R/annotateMapping.R#L149                   title = '') + ...
R/annotateMapping.R#L153                    panel.grid.minor = gg ...
R/annotateMapping.R#L154                    plot.title = ggplot2: ...
R/annotateMapping.R#L155                    axis.text.x = ggplot2 ...
R/annotateMapping.R#L157   confidence <- max_value*mean_confidenc ...
R/annotateMapping.R#L158   names(confidence) <- names(max_annotat ...
R/annotateMapping.R#L159   annotations_confidence <- lapply(seq(1 ...
R/annotateMapping.R#L161   }) ...
R/annotateMapping.R#L162   names(annotations_confidence) <- names ...
R/annotateMapping.R#L164   return(S4Vectors::SimpleList(Global.Co ...
R/annotateMapping.R#L165                                Mapping.C ...
R/annotateMapping.R#L166                                Annotatio ...
R/annotateMapping.R#L167                                Best.Anno ...
R/annotateMapping.R#L168                                Best.Conf ...
R/annotateMapping.R#L169                                Annotatio ...
R/annotateMapping.R#L170                                Barplot = ...
R/corticogenesis.sce.R#L28   figshare_url <- "https://figshare.com/ ...
R/corticogenesis.sce.R#L30   if(is.null(directory)) { ...
R/corticogenesis.sce.R#L33   } ...
R/corticogenesis.sce.R#L35   destfile <- file.path(directory, "cort ...
R/corticogenesis.sce.R#L37   if (!file.exists(destfile)) { ...
R/corticogenesis.sce.R#L40   } ...
R/corticogenesis.sce.R#L42   obj_name <- load(destfile) ...
R/corticogenesis.sce.R#L43   get(obj_name) ...
R/get_average_subclass_vs_stage.R#L18   genes <- genes[which(genes %in% rownam ...
R/get_average_subclass_vs_stage.R#L20   networkByStage <- split_sce_cols(net,  ...
R/get_average_subclass_vs_stage.R#L22   o <- lapply(networkByStage, function(i ...
R/get_average_subclass_vs_stage.R#L25       S <- (S-mean(S))/stats::sd(S) ...
R/get_average_subclass_vs_stage.R#L26       return(split(S, i@colData[,"SubCla ...
R/get_average_subclass_vs_stage.R#L30   }) ...
R/get_average_subclass_vs_stage.R#L32   o <- lapply(o, function(j) sapply(j, s ...
R/get_average_subclass_vs_stage.R#L33   groupVarOrder <- sort(unique(net@colDa ...
R/get_average_subclass_vs_stage.R#L34   o <- do.call(rbind, lapply(o, function ...
R/get_average_subclass_vs_stage.R#L35   colnames(o) <- groupVarOrder ...
R/get_average_subclass_vs_stage.R#L36   o[is.na(o)] <- 0 ...
R/get_average_subclass_vs_stage.R#L37   return(o) ...
R/get_column_group_average.R#L18                                      gro ...
R/get_column_group_average.R#L19                                      na. ...
R/get_column_group_average.R#L21   group <- as.vector(group) ...
R/get_column_group_average.R#L23   M_sub <- M[,which(group %in% names(tab ...
R/get_column_group_average.R#L25   if(is.vector(M_sub)) { ...
R/get_column_group_average.R#L28   } ...
R/get_column_group_average.R#L30   M_sub_comp <- as.matrix(M[,which(!grou ...
R/get_column_group_average.R#L31   if(dim(M_sub_comp)[2] == 1) { ...
R/get_column_group_average.R#L33   } else { ...
R/get_column_group_average.R#L35   } ...
R/get_column_group_average.R#L37   group_sub <- group[which(group %in% na ...
R/get_column_group_average.R#L39   out_sub <- do.call(cbind, lapply(split ...
R/get_column_group_average.R#L40                                      gro ...
R/get_column_group_average.R#L42                   if(length(cols) == 1)  ...
R/get_column_group_average.R#L44                   } else { ...
R/get_column_group_average.R#L46                       return(mean(M_sub[ ...
R/get_column_group_average.R#L48                       return(Matrix::row ...
R/get_column_group_average.R#L50                   } ...
R/get_column_group_average.R#L51                  })) ...
R/get_column_group_average.R#L53   out <- cbind(M_sub_comp, out_sub) ...
R/get_column_group_average.R#L55   out <- out[,unique(group)] ...
R/get_column_group_average.R#L57   return(out) ...
R/get_eMatrix.R#L21   Test <- get_average_subclass_vs_stage( ...
R/get_eMatrix.R#L23   RandSets <- lapply(seq(1,nRand), funct ...
R/get_eMatrix.R#L25   RandSets <- lapply(RandSets, function( ...
R/get_eMatrix.R#L27   Ave <- do.call("cbind",lapply(seq(1,nc ...
R/get_eMatrix.R#L29   })) ...
R/get_eMatrix.R#L31   SDs <- do.call("cbind",lapply(seq(1,nc ...
R/get_eMatrix.R#L33   })) ...
R/get_eMatrix.R#L35   z <- (Test-Ave)/SDs ...
R/get_eMatrix.R#L36   p <- 2 * stats::pnorm(-abs(z)) ...
R/get_eMatrix.R#L38   return(S4Vectors::List(z=z, p=p)) ...
R/get_eTrace.R#L43                        genes, ...
R/get_eTrace.R#L44                        nRand=100) { ...
R/get_eTrace.R#L46   if(!all(genes %in% rownames(net))) { ...
R/get_eTrace.R#L50       return('No gene in `net`') ...
R/get_eTrace.R#L52   } ...
R/get_eTrace.R#L54   multiple <- length(genes) > 1 ...
R/get_eTrace.R#L55   if(multiple) { ...
R/get_eTrace.R#L57   } else { ...
R/get_eTrace.R#L60   } ...
R/get_eTrace.R#L61   RR <- do.call(rbind, lapply(seq(1,nRan ...
R/get_eTrace.R#L63       Matrix::colMeans(t(scale(t(as.matr ...
R/get_eTrace.R#L65       v <- SingleCellExperiment::logcoun ...
R/get_eTrace.R#L66       (v-mean(v))/stats::sd(v) ...
R/get_eTrace.R#L68   })) ...
R/get_eTrace.R#L69   RR <- RR[which(apply(RR, 1, function(i ...
R/get_eTrace.R#L70   z <- (y-Matrix::colMeans(RR))/MatrixGe ...
R/get_eTrace.R#L71   p <- 2 * stats::pnorm(-abs(z)) ...
R/get_eTrace.R#L73   return(S4Vectors::List(obs=y, ...
R/get_eTrace.R#L74                          z=z, ...
R/get_eTrace.R#L75                          p=p)) ...
R/get_matrix_from_list.R#L17   all_names <- unlist(lapply(l, names)) ...
R/get_matrix_from_list.R#L19   m <- matrix(0, ncol = length(unique(al ...
R/get_matrix_from_list.R#L20   colnames(m) <- unique(all_names) ...
R/get_matrix_from_list.R#L21   rownames(m) <- names(l) ...
R/get_matrix_from_list.R#L23   for(i in seq_len(length(l))) { ...
R/get_matrix_from_list.R#L25   } ...
R/get_matrix_from_list.R#L27   m <- m[,order(colnames(m))] ...
R/get_matrix_from_list.R#L29   return(m) ...
R/get_pseudobulk.R#L16                            membership_ve ...
R/get_pseudobulk.R#L18   unique_mv <- sort(names(which(table(me ...
R/get_pseudobulk.R#L20   pseudo_counts <- t(rowsum(t(exp_matrix ...
R/get_pseudobulk.R#L22   rownames(pseudo_counts) <- rownames(ex ...
R/get_pseudobulk.R#L24   norm_counts <- log2((t(t(pseudo_counts ...
R/get_pseudobulk.R#L26   out <- SingleCellExperiment::SingleCel ...
R/get_pseudobulk.R#L29   if(is.null(colnames(out))) { ...
R/get_pseudobulk.R#L31   } ...
R/get_pseudobulk.R#L33   out@metadata$cell_count <- table(membe ...
R/get_pseudobulk.R#L35   return(out) ...
R/gliogenesis.sce.R#L29   figshare_url <- "https://figshare.com/ ...
R/gliogenesis.sce.R#L31   if(is.null(directory)) { ...
R/gliogenesis.sce.R#L34   } ...
R/gliogenesis.sce.R#L36   destfile <- file.path(directory, "glio ...
R/gliogenesis.sce.R#L38   if (!file.exists(destfile)) { ...
R/gliogenesis.sce.R#L41   } ...
R/gliogenesis.sce.R#L43   obj_name <- load(destfile) ...
R/gliogenesis.sce.R#L44   get(obj_name) ...
R/is_number.R#L10   grepl("^[-+]?[0-9]*\\.?[0-9]+([eE][-+] ...
R/map_eTrace.R#L52                        mapped_obj, ...
R/map_eTrace.R#L53                        genes = NULL, ...
R/map_eTrace.R#L54                        score = NULL, ...
R/map_eTrace.R#L55                        nRand=100, ...
R/map_eTrace.R#L56                        main=NULL, ...
R/map_eTrace.R#L57                        n_nearest = 15, ...
R/map_eTrace.R#L58                        expression_enrich ...
R/map_eTrace.R#L59                        together = TRUE, ...
R/map_eTrace.R#L60                        ylab = "score", ...
R/map_eTrace.R#L61                        new_colors = NULL ...
R/map_eTrace.R#L62                        upper_colors = NU ...
R/map_eTrace.R#L63                        lower_colors = NU ...
R/map_eTrace.R#L64                        jitter = FALSE, ...
R/map_eTrace.R#L65                        factor=NULL) { ...
R/map_eTrace.R#L67   if(ncol(mapped_obj$new_cor) == 2) { ...
R/map_eTrace.R#L69   } ...
R/map_eTrace.R#L71   if(is.null(upper_colors)) { ...
R/map_eTrace.R#L73   } else { ...
R/map_eTrace.R#L75       upper_colors <- rep(upper_colors,  ...
R/map_eTrace.R#L77   } ...
R/map_eTrace.R#L79   if(is.null(lower_colors)) { ...
R/map_eTrace.R#L81   } else { ...
R/map_eTrace.R#L83       lower_colors <- rep(lower_colors,  ...
R/map_eTrace.R#L85   } ...
R/map_eTrace.R#L87   names(upper_colors) <- net$Stages ...
R/map_eTrace.R#L88   names(lower_colors) <- net$SubClass ...
R/map_eTrace.R#L90   if(is.null(new_colors)) { ...
R/map_eTrace.R#L92                                          ...
R/map_eTrace.R#L93                                          ...
R/map_eTrace.R#L94                                          ...
R/map_eTrace.R#L95                                          ...
R/map_eTrace.R#L99                                          ...
R/map_eTrace.R#L100                                          ...
R/map_eTrace.R#L101                                          ...
R/map_eTrace.R#L102                                          ...
R/map_eTrace.R#L104   } else { ...
R/map_eTrace.R#L106       new_colors <- rep(new_colors, ncol ...
R/map_eTrace.R#L110   } ...
R/map_eTrace.R#L113   if(is.null(genes)) { ...
R/map_eTrace.R#L115   } ...
R/map_eTrace.R#L117   if(expression_enrichment) { ...
R/map_eTrace.R#L120   } else { ...
R/map_eTrace.R#L122       if(!all(genes %in% rownames(net))) ...
R/map_eTrace.R#L126           return('No gene in `net`') ...
R/map_eTrace.R#L128       } ...
R/map_eTrace.R#L129       if(length(genes) == 1) { ...
R/map_eTrace.R#L131       } else { ...
R/map_eTrace.R#L133       } ...
R/map_eTrace.R#L134       ylab <- 'expression' ...
R/map_eTrace.R#L136       if(is.matrix(score)) { ...
R/map_eTrace.R#L138           message(paste0(genes[which(!ge ...
R/map_eTrace.R#L139           genes <- genes[which(genes %in ...
R/map_eTrace.R#L140           if(length(genes) == 0) { ...
R/map_eTrace.R#L142           } ...
R/map_eTrace.R#L145           eTrace <- S4Vectors::List(z =  ...
R/map_eTrace.R#L147           eTrace <- S4Vectors::List(z =  ...
R/map_eTrace.R#L149       } else { ...
R/map_eTrace.R#L151       } ...
R/map_eTrace.R#L153   } ...
R/map_eTrace.R#L155   xs <- seq(1,ncol(net)) ...
R/map_eTrace.R#L156   names(xs) <- colnames(net) ...
R/map_eTrace.R#L158   ys <- eTrace$z ...
R/map_eTrace.R#L159   names(ys) <- colnames(net) ...
R/map_eTrace.R#L160   if(all(ys >= 0)) { ...
R/map_eTrace.R#L162   } else { ...
R/map_eTrace.R#L164   } ...
R/map_eTrace.R#L166   derived_x <- apply(mapped_obj$new_cor, ...
R/map_eTrace.R#L169   }) ...
R/map_eTrace.R#L171   derived_y <- apply(mapped_obj$new_cor, ...
R/map_eTrace.R#L174   }) ...
R/map_eTrace.R#L176   sizes <- rep(1, length(ys)) ...
R/map_eTrace.R#L178   derived_sizes <- apply(mapped_obj$new_ ...
R/map_eTrace.R#L180   }) ...
R/map_eTrace.R#L182   final_xs <- c(xs, derived_x) ...
R/map_eTrace.R#L183   final_ys <- c(ys, derived_y) ...
R/map_eTrace.R#L184   final_sizes <- c(sizes, derived_sizes) ...
R/map_eTrace.R#L186   alphas <- c(rep(0.5, length(ys)), 1) ...
R/map_eTrace.R#L188   nat_idx <- which(net$Stages == '6-earl ...
R/map_eTrace.R#L189   y_idx <- min(eTrace$z)+abs(min(eTrace$ ...
R/map_eTrace.R#L191   if(together) { ...
R/map_eTrace.R#L196          pch = c(rep(21, length(ys)), re ...
R/map_eTrace.R#L197          bg  = scales::alpha(c(upper_col ...
R/map_eTrace.R#L198                              c(rep(0.5,  ...
R/map_eTrace.R#L199          col = scales::alpha(c(upper_col ...
R/map_eTrace.R#L200                              c(rep(0.5,  ...
R/map_eTrace.R#L201          main = main, ylab = ylab, ...
R/map_eTrace.R#L202          cex = final_sizes, xaxt = "n", ...
R/map_eTrace.R#L203          lwd = c(rep(1, length(ys)), rep ...
R/map_eTrace.R#L216       usr <- graphics::par("usr") ...
R/map_eTrace.R#L217       usr <- usr - usr/25 ...
R/map_eTrace.R#L219       if(is.null(factor)) { ...
R/map_eTrace.R#L221       } ...
R/map_eTrace.R#L222       offset_x <- jitter(rep(0, length(d ...
R/map_eTrace.R#L223       offset_x[which(derived_x > stats:: ...
R/map_eTrace.R#L224       offset_x[which(derived_x < stats:: ...
R/map_eTrace.R#L225       offset_y <- jitter(rep(0, length(d ...
R/map_eTrace.R#L226       offset_y[which(derived_y > stats:: ...
R/map_eTrace.R#L227       offset_y[which(derived_y < stats:: ...
R/map_eTrace.R#L229       new_x <- pmin(pmax(derived_x + off ...
R/map_eTrace.R#L230       new_y <- pmin(pmax(derived_y + off ...
R/map_eTrace.R#L231       pos <- NULL ...
R/map_eTrace.R#L233       new_x <- derived_x ...
R/map_eTrace.R#L234       new_y <- derived_y ...
R/map_eTrace.R#L235       pos <- 3 ...
R/map_eTrace.R#L239                        x1 = new_x, y1 =  ...
R/map_eTrace.R#L240                        col = "grey40", l ...
R/map_eTrace.R#L246          pch = c(rep(21, length(ys)), re ...
R/map_eTrace.R#L247          bg  = scales::alpha(c(lower_col ...
R/map_eTrace.R#L248                              c(rep(0.5,  ...
R/map_eTrace.R#L249          col = scales::alpha(c(lower_col ...
R/map_eTrace.R#L250                              c(rep(0.5,  ...
R/map_eTrace.R#L251          main = "", ylab = ylab, ...
R/map_eTrace.R#L252          cex = final_sizes, ...
R/map_eTrace.R#L253          lwd = c(rep(1, length(ys)), rep ...
R/map_eTrace.R#L265                        x1 = new_x, y1 =  ...
R/map_eTrace.R#L266                        col = "grey40", l ...
R/map_eTrace.R#L269   } else { ...
R/map_eTrace.R#L271       graphics::par(mfrow=c(2,1)) ...
R/map_eTrace.R#L272       graphics::par(mar=c(0,5,2,2)) ...
R/map_eTrace.R#L273       plot(c(xs, derived_x[i]), c(ys, de ...
R/map_eTrace.R#L274            bg=scales::alpha(c(upper_colo ...
R/map_eTrace.R#L275            col=scales::alpha(c(upper_col ...
R/map_eTrace.R#L276            main=main, ...
R/map_eTrace.R#L277            ylab=ylab, ...
R/map_eTrace.R#L278            cex = final_sizes, ...
R/map_eTrace.R#L279            xaxt = 'n', ...
R/map_eTrace.R#L280            lwd = c(rep(1, length(ys)), 2 ...
R/map_eTrace.R#L281       graphics::abline(h=0, lty=2, lwd=2 ...
R/map_eTrace.R#L282       graphics::abline(v=nat_idx, col =  ...
R/map_eTrace.R#L283       graphics::text(x = nat_idx+5, y =  ...
R/map_eTrace.R#L284       graphics::text(x = nat_idx-5, y =  ...
R/map_eTrace.R#L285       graphics::lines(stats::smooth.spli ...
R/map_eTrace.R#L286       graphics::text(x = derived_x[i], y ...
R/map_eTrace.R#L288       graphics::par(mar=c(2.5,5,0.5,2)) ...
R/map_eTrace.R#L289       plot(c(xs, derived_x[i]), c(ys, de ...
R/map_eTrace.R#L290            pch=c(rep(21, length(ys)), 22 ...
R/map_eTrace.R#L291            bg=scales::alpha(c(lower_colo ...
R/map_eTrace.R#L292            col=scales::alpha(c(lower_col ...
R/map_eTrace.R#L293            main='', ...
R/map_eTrace.R#L294            ylab=ylab, ...
R/map_eTrace.R#L295            cex = final_sizes, ...
R/map_eTrace.R#L296            xaxt = 'n', ...
R/map_eTrace.R#L297            lwd = c(rep(1, length(ys)), 2 ...
R/map_eTrace.R#L298       graphics::abline(h=0, lty=2, lwd=2 ...
R/map_eTrace.R#L299       graphics::abline(v=nat_idx, col =  ...
R/map_eTrace.R#L300       graphics::text(x = nat_idx+5, y =  ...
R/map_eTrace.R#L301       graphics::text(x = nat_idx-5, y =  ...
R/map_eTrace.R#L302       graphics::lines(stats::smooth.spli ...
R/map_eTrace.R#L303       graphics::text(x = derived_x[i], y ...
R/map_eTrace.R#L304       p <- grDevices::recordPlot() ...
R/map_eTrace.R#L310   } ...
R/mapNetwork.R#L57                        new_profiles, ...
R/mapNetwork.R#L58                        color_attr = 'Sub ...
R/mapNetwork.R#L59                        label_attr = 'Sub ...
R/mapNetwork.R#L60                        col_vector = NULL ...
R/mapNetwork.R#L61                        new_name = NULL, ...
R/mapNetwork.R#L62                        n_nearest = 15, . ...
R/mapNetwork.R#L64   if(is.null(col_vector)) { ...
R/mapNetwork.R#L66   } ...
R/mapNetwork.R#L68   if(is.character(label_attr) && length( ...
R/mapNetwork.R#L69      label_attr %in% colnames(SingleCell ...
R/mapNetwork.R#L71   } ...
R/mapNetwork.R#L72   if(is.character(color_attr) && length( ...
R/mapNetwork.R#L73      color_attr %in% colnames(SingleCell ...
R/mapNetwork.R#L75   } ...
R/mapNetwork.R#L76   if(is.character(col_vector) && length( ...
R/mapNetwork.R#L77      col_vector %in% colnames(SingleCell ...
R/mapNetwork.R#L79   } ...
R/mapNetwork.R#L80   label_attr <- as.vector(label_attr) ...
R/mapNetwork.R#L81   color_attr <- as.vector(color_attr) ...
R/mapNetwork.R#L82   names(col_vector) <- color_attr ...
R/mapNetwork.R#L84   if(any(colnames(new_profiles) %in% col ...
R/mapNetwork.R#L86   } ...
R/mapNetwork.R#L88   common_genes <- intersect(rownames(net ...
R/mapNetwork.R#L89   new_cor <- stats::cor(as.matrix(Single ...
R/mapNetwork.R#L92   out <- plotSameLayout(net = net, ...
R/mapNetwork.R#L100   return(out) ...
R/min_max_normalize.R#L12   norm <- (vector - min(vector))/(max(ve ...
R/min_max_normalize.R#L13   return(norm) ...
R/network_smoothing.R#L22                               scores, ...
R/network_smoothing.R#L23                               n_nearest_ ...
R/network_smoothing.R#L25   if(is.null(n_nearest_smooth)) { ...
R/network_smoothing.R#L27   } ...
R/network_smoothing.R#L29   adj_matrix <- igraph::as_adjacency_mat ...
R/network_smoothing.R#L31   diag(adj_matrix) <- 1 ...
R/network_smoothing.R#L33   similarities <- t(apply(adj_matrix, 1, ...
R/network_smoothing.R#L35   })) ...
R/network_smoothing.R#L37   indexes <- t(apply(adj_matrix, 1, func ...
R/network_smoothing.R#L39   })) ...
R/network_smoothing.R#L41   n_nearest_smooth <- min(n_nearest_smoo ...
R/network_smoothing.R#L43   smoothed_scores <- unlist(lapply(seq(1 ...
R/network_smoothing.R#L58   })) ...
R/network_smoothing.R#L60   names(smoothed_scores) <- rownames(sim ...
R/network_smoothing.R#L61   smoothed_scores <- smoothed_scores[nam ...
R/network_smoothing.R#L64   return(smoothed_scores) ...
R/neurogenesis.sce.R#L29   figshare_url <- "https://figshare.com/ ...
R/neurogenesis.sce.R#L31   if(is.null(directory)) { ...
R/neurogenesis.sce.R#L34   } ...
R/neurogenesis.sce.R#L36   destfile <- file.path(directory, "neur ...
R/neurogenesis.sce.R#L38   if (!file.exists(destfile)) { ...
R/neurogenesis.sce.R#L41   } ...
R/neurogenesis.sce.R#L43   obj_name <- load(destfile) ...
R/neurogenesis.sce.R#L44   get(obj_name) ...
R/plot_eMatrix.R#L22   if(is.null(eMatrix)) { ...
R/plot_eMatrix.R#L24   } ...
R/plot_eMatrix.R#L26   z <- eMatrix$z ...
R/plot_eMatrix.R#L28   col_fun <- circlize::colorRamp2( ...
R/plot_eMatrix.R#L31   ) ...
R/plot_eMatrix.R#L33   stages_palette <- unique(net$Stages_co ...
R/plot_eMatrix.R#L34   names(stages_palette) <- unique(net$St ...
R/plot_eMatrix.R#L36   right_ha <- ComplexHeatmap::rowAnnotat ...
R/plot_eMatrix.R#L37   ComplexHeatmap::Heatmap(z, cluster_row ...
R/plot_eTrace.R#L56   if(is.null(upper_colors)) { ...
R/plot_eTrace.R#L58   } ...
R/plot_eTrace.R#L60   if(is.null(lower_colors)) { ...
R/plot_eTrace.R#L62   } ...
R/plot_eTrace.R#L64   names(upper_colors) <- net$Stages ...
R/plot_eTrace.R#L65   names(lower_colors) <- net$SubClass ...
R/plot_eTrace.R#L67   if(is.null(genes)) { ...
R/plot_eTrace.R#L69   } ...
R/plot_eTrace.R#L71   if(expression_enrichment) { ...
R/plot_eTrace.R#L74   } else { ...
R/plot_eTrace.R#L76       if(!all(genes %in% rownames(net))) ...
R/plot_eTrace.R#L80           return('No gene in `net`') ...
R/plot_eTrace.R#L82       } ...
R/plot_eTrace.R#L83       if(length(genes) == 1) { ...
R/plot_eTrace.R#L85       } else { ...
R/plot_eTrace.R#L87       } ...
R/plot_eTrace.R#L88       ylab <- 'expression' ...
R/plot_eTrace.R#L90       if(is.matrix(score)) { ...
R/plot_eTrace.R#L92           message(paste0(genes[which(!ge ...
R/plot_eTrace.R#L93           genes <- genes[which(genes %in ...
R/plot_eTrace.R#L94           if(length(genes) == 0) { ...
R/plot_eTrace.R#L96           } ...
R/plot_eTrace.R#L99           eTrace <- S4Vectors::List(z =  ...
R/plot_eTrace.R#L101           eTrace <- S4Vectors::List(z =  ...
R/plot_eTrace.R#L103       } else { ...
R/plot_eTrace.R#L105       } ...
R/plot_eTrace.R#L107   } ...
R/plot_eTrace.R#L109   col_zero_line <- ifelse(all(eTrace$z > ...
R/plot_eTrace.R#L111   x <- seq(1,ncol(net)) ...
R/plot_eTrace.R#L112   nat_idx <- which(net$Stages == '6-earl ...
R/plot_eTrace.R#L113   y_idx <- min(eTrace$z)+abs(min(eTrace$ ...
R/plot_eTrace.R#L115   graphics::par(mfrow=c(2,1)) ...
R/plot_eTrace.R#L116   graphics::par(mar=c(0,5,2,2)) ...
R/plot_eTrace.R#L117   plot(eTrace$z, pch=21, bg=upper_colors ...
R/plot_eTrace.R#L118   graphics::abline(h=0, lty=2, lwd=2, co ...
R/plot_eTrace.R#L119   graphics::abline(v=nat_idx, col = 'dar ...
R/plot_eTrace.R#L120   graphics::text(x = nat_idx+5, y = y_id ...
R/plot_eTrace.R#L121   graphics::text(x = nat_idx-5, y = y_id ...
R/plot_eTrace.R#L122   graphics::lines(stats::smooth.spline(x ...
R/plot_eTrace.R#L123   graphics::par(mar=c(2.5,5,0.5,2)) ...
R/plot_eTrace.R#L124   plot(eTrace$z, pch=21, bg=lower_colors ...
R/plot_eTrace.R#L125   graphics::abline(h=0, lty=2, lwd=2, co ...
R/plot_eTrace.R#L126   graphics::abline(v=nat_idx, col = 'dar ...
R/plot_eTrace.R#L127   graphics::text(x = nat_idx+5, y = y_id ...
R/plot_eTrace.R#L128   graphics::text(x = nat_idx-5, y = y_id ...
R/plot_eTrace.R#L129   graphics::lines(stats::smooth.spline(x ...
R/plot_net.R#L54                      color_attr, ...
R/plot_net.R#L55                      edges = NULL, ...
R/plot_net.R#L56                      label_attr = NULL, ...
R/plot_net.R#L57                      title = NULL, ...
R/plot_net.R#L58                      new_points_col = "# ...
R/plot_net.R#L59                      legend = FALSE, ...
R/plot_net.R#L60                      legend_name = NULL, ...
R/plot_net.R#L61                      only_new_points = F ...
R/plot_net.R#L62                      alpha = NULL, ...
R/plot_net.R#L63                      show_edges = TRUE, ...
R/plot_net.R#L64                      n_increase = 1, ...
R/plot_net.R#L65                      stroke = 0.2) { ...
R/plot_net.R#L67   new_edges_col <- new_points_col[1] ...
R/plot_net.R#L68   x_shift <- abs(min(as.numeric(layout[, ...
R/plot_net.R#L69   y_shift <- abs(min(as.numeric(layout[, ...
R/plot_net.R#L70   layout[,1] <- as.numeric(layout[,1]) + ...
R/plot_net.R#L71   layout[,2] <- as.numeric(layout[,2]) + ...
R/plot_net.R#L72   layout <- as.data.frame(layout) ...
R/plot_net.R#L73   idxs_new_points <- gtools::mixedorder( ...
R/plot_net.R#L74   layout$Colors <- factor(layout[,4], ...
R/plot_net.R#L75                           levels = c(uni ...
R/plot_net.R#L76   layout$Group <- factor(layout[,5], ...
R/plot_net.R#L77                          levels = c(gtoo ...
R/plot_net.R#L78   if(!is.null(edges)) { ...
R/plot_net.R#L88   } ...
R/plot_net.R#L89   if(!is.null(label_attr)) { ...
R/plot_net.R#L91                               levels = c ...
R/plot_net.R#L92   } ...
R/plot_net.R#L93   if(is.null(alpha)) { ...
R/plot_net.R#L95   } ...
R/plot_net.R#L96   layout$Alpha <- alpha ...
R/plot_net.R#L97   colors_to_use <- unique(as.vector(layo ...
R/plot_net.R#L98   if(any(colors_to_use %in% new_points_c ...
R/plot_net.R#L101       colors_to_use <- c(colors_to_use,  ...
R/plot_net.R#L105       colors_to_use <- c(colors_to_use,  ...
R/plot_net.R#L107   } ...
R/plot_net.R#L108   names(colors_to_use) <- unique(layout[ ...
R/plot_net.R#L109   if(is.null(names(new_points_col)) && ! ...
R/plot_net.R#L111       new_points_col <- rep(new_points_c ...
R/plot_net.R#L112       names(new_points_col) <- layout[wh ...
R/plot_net.R#L113                                          ...
R/plot_net.R#L115       names(new_points_col) <- layout[ma ...
R/plot_net.R#L117   } ...
R/plot_net.R#L118   if(any(!is_number(as.vector(layout[,5] ...
R/plot_net.R#L120   } else { ...
R/plot_net.R#L122   } ...
R/plot_net.R#L123   if(continuous) { ...
R/plot_net.R#L129       names(new_points_col) <- layout[ma ...
R/plot_net.R#L133       p <- p + ggplot2::geom_segment(dat ...
R/plot_net.R#L137                                      col ...
R/plot_net.R#L138                                      na. ...
R/plot_net.R#L139                                      lin ...
R/plot_net.R#L140                                      alp ...
R/plot_net.R#L143                                  mapping ...
R/plot_net.R#L147                                  alpha = ...
R/plot_net.R#L148                                  shape = ...
R/plot_net.R#L149                                  size =  ...
R/plot_net.R#L150                                  show.le ...
R/plot_net.R#L151       ggplot2::scale_colour_gradientn(co ...
R/plot_net.R#L152                                       na ...
R/plot_net.R#L153                                       na ...
R/plot_net.R#L154       ggplot2::scale_fill_gradientn(colo ...
R/plot_net.R#L157       ggplot2::theme(axis.text = ggplot2 ...
R/plot_net.R#L158                      axis.ticks = ggplot ...
R/plot_net.R#L159                      panel.background =  ...
R/plot_net.R#L160                      axis.title.x = ggpl ...
R/plot_net.R#L161                      axis.title.y = ggpl ...
R/plot_net.R#L162                      legend.key = ggplot ...
R/plot_net.R#L163                      legend.position = " ...
R/plot_net.R#L164       ggplot2::scale_alpha(guide = "none ...
R/plot_net.R#L165   } ...
R/plot_net.R#L166   else { ...
R/plot_net.R#L169       p <- p + ggplot2::geom_segment(dat ...
R/plot_net.R#L170                                      ggp ...
R/plot_net.R#L171                                          ...
R/plot_net.R#L172                                          ...
R/plot_net.R#L173                                          ...
R/plot_net.R#L174                                      col ...
R/plot_net.R#L175                                      na. ...
R/plot_net.R#L176                                      lin ...
R/plot_net.R#L177                                      alp ...
R/plot_net.R#L180                                  mapping ...
R/plot_net.R#L185                                  shape = ...
R/plot_net.R#L186                                  size =  ...
R/plot_net.R#L187                                  show.le ...
R/plot_net.R#L188       ggplot2::scale_color_manual(values ...
R/plot_net.R#L189                                   guide  ...
R/plot_net.R#L192       ggplot2::scale_fill_manual(values  ...
R/plot_net.R#L193                                  guide = ...
R/plot_net.R#L194                                          ...
R/plot_net.R#L195                                          ...
R/plot_net.R#L196                                          ...
R/plot_net.R#L197       ggplot2::theme(axis.text = ggplot2 ...
R/plot_net.R#L198                      axis.ticks = ggplot ...
R/plot_net.R#L199                      panel.background =  ...
R/plot_net.R#L200                      axis.title.x = ggpl ...
R/plot_net.R#L201                      axis.title.y = ggpl ...
R/plot_net.R#L202                      legend.key = ggplot ...
R/plot_net.R#L203                      legend.position = " ...
R/plot_net.R#L204       ggplot2::scale_alpha(guide = "none ...
R/plot_net.R#L205   } ...
R/plot_net.R#L206   if(!is.null(title)) { ...
R/plot_net.R#L208       ggplot2::theme(plot.title = ggplot ...
R/plot_net.R#L211   } ...
R/plot_net.R#L212   if(is.null(label_attr)) { ...
R/plot_net.R#L214   } ...
R/plot_net.R#L215   if(all(color_attr == label_attr)) { ...
R/plot_net.R#L220       c <- layout[which(color_attr == g) ...
R/plot_net.R#L221       if(continuous && !any((as.vector(c ...
R/plot_net.R#L227       } ...
R/plot_net.R#L228       if(dim(c)[1] == 1) { ...
R/plot_net.R#L232       } ...
R/plot_net.R#L233       else { ...
R/plot_net.R#L248       } ...
R/plot_net.R#L251       all_colors <- all_colors[which(!al ...
R/plot_net.R#L252                                        n ...
R/plot_net.R#L253       l_f <- layout[which(layout[,4] %in ...
R/plot_net.R#L254       if(is.vector(l_f)) { ...
R/plot_net.R#L256       } ...
R/plot_net.R#L257       else { ...
R/plot_net.R#L259       } ...
R/plot_net.R#L260       if(length(new_points_col) == 1) { ...
R/plot_net.R#L262       } ...
R/plot_net.R#L263       else { ...
R/plot_net.R#L265       } ...
R/plot_net.R#L270       if(continuous && length(new_points ...
R/plot_net.R#L272       } ...
R/plot_net.R#L273       if(only_new_points) { ...
R/plot_net.R#L278       } ...
R/plot_net.R#L282       all_colors_labels[which(is.na(all_ ...
R/plot_net.R#L287                                        c ...
R/plot_net.R#L288                                        b ...
R/plot_net.R#L289                                        m ...
R/plot_net.R#L290                                        s ...
R/plot_net.R#L291   } ...
R/plot_net.R#L292   else { ...
R/plot_net.R#L297       c <- layout[which(label_attr == l) ...
R/plot_net.R#L298       if(continuous && !any((as.vector(c ...
R/plot_net.R#L303       } ...
R/plot_net.R#L304       if(dim(c)[1] == 1) { ...
R/plot_net.R#L308       } ...
R/plot_net.R#L309       else { ...
R/plot_net.R#L324       } ...
R/plot_net.R#L327       all_colors <- all_colors[which(!al ...
R/plot_net.R#L328                                        n ...
R/plot_net.R#L329       l_f <- layout[which(layout[,4] %in ...
R/plot_net.R#L330       l_f_groups <- ifelse(is.vector(l_f ...
R/plot_net.R#L331       if(length(new_points_col) == 1) { ...
R/plot_net.R#L333       } ...
R/plot_net.R#L334       else { ...
R/plot_net.R#L336       } ...
R/plot_net.R#L341       if(continuous && length(new_points ...
R/plot_net.R#L343       } ...
R/plot_net.R#L344       if(only_new_points) { ...
R/plot_net.R#L349       } ...
R/plot_net.R#L353       all_colors_labels[which(is.na(all_ ...
R/plot_net.R#L358                                        c ...
R/plot_net.R#L359                                        b ...
R/plot_net.R#L360                                        m ...
R/plot_net.R#L361                                        s ...
R/plot_net.R#L362   } ...
R/plot_net.R#L363   return(p) ...
R/plotNetwork.R#L44   if(is.null(col_vector)) { ...
R/plotNetwork.R#L46   } ...
R/plotNetwork.R#L48   if(is.character(label_attr) && length( ...
R/plotNetwork.R#L50   } ...
R/plotNetwork.R#L52   if(is.character(color_attr) && length( ...
R/plotNetwork.R#L54   } ...
R/plotNetwork.R#L56   color_attr <- as.vector(color_attr) ...
R/plotNetwork.R#L57   label_attr <- as.vector(label_attr) ...
R/plotNetwork.R#L59   if(is.character(col_vector) && length( ...
R/plotNetwork.R#L61   } ...
R/plotNetwork.R#L63   names(col_vector) <- color_attr ...
R/plotNetwork.R#L65   if(no_label) { ...
R/plotNetwork.R#L67   } ...
R/plotNetwork.R#L69   if(length(col_vector) == 1) { ...
R/plotNetwork.R#L71       col_vector <- Polychrome::createPa ...
R/plotNetwork.R#L72       col_vector <- col_vector[seq(2,len ...
R/plotNetwork.R#L73       names(col_vector) <- unique(color_ ...
R/plotNetwork.R#L74       col_vector <- col_vector[color_att ...
R/plotNetwork.R#L76       col_vector <- rep(col_vector, leng ...
R/plotNetwork.R#L77       names(col_vector) <- color_attr ...
R/plotNetwork.R#L79   } ...
R/plotNetwork.R#L81   layout <- cbind(net$X_coord, net$Y_coo ...
R/plotNetwork.R#L82   rownames(layout) <- colnames(net) ...
R/plotNetwork.R#L83   layout <- cbind(layout, Size = max(max ...
R/plotNetwork.R#L85   edges <- net@metadata$network$edges ...
R/plotNetwork.R#L86   if(!show_edges) { ...
R/plotNetwork.R#L88   } ...
R/plotNetwork.R#L90   layout <- cbind(layout, Colors = col_v ...
R/plotNetwork.R#L91   layout <- cbind(layout, Group = color_ ...
R/plotNetwork.R#L92   if(!is.null(label_attr)) { ...
R/plotNetwork.R#L94   } ...
R/plotNetwork.R#L95   ord <- order(match(layout[,"Group"], n ...
R/plotNetwork.R#L96   layout <- layout[ord,] ...
R/plotNetwork.R#L98   p <- plot_net(layout, ...
R/plotNetwork.R#L105   return(p) ...
R/plotNetworkScore.R#L50                              genes = NUL ...
R/plotNetworkScore.R#L51                              score = NUL ...
R/plotNetworkScore.R#L52                              label_attr  ...
R/plotNetworkScore.R#L53                              smooth = FA ...
R/plotNetworkScore.R#L54                              n_nearest = ...
R/plotNetworkScore.R#L55                              normalize = ...
R/plotNetworkScore.R#L56                              na.vec = NU ...
R/plotNetworkScore.R#L57                              palette = ' ...
R/plotNetworkScore.R#L58                              title=NULL, ...
R/plotNetworkScore.R#L59                              show_edges  ...
R/plotNetworkScore.R#L60                              stroke = 0. ...
R/plotNetworkScore.R#L61                              fix_alpha = ...
R/plotNetworkScore.R#L62                              max_size =  ...
R/plotNetworkScore.R#L64   if (palette %in% c("greys", "inferno", ...
R/plotNetworkScore.R#L66                       greys = grDevices: ...
R/plotNetworkScore.R#L67                       inferno = viridis: ...
R/plotNetworkScore.R#L68                       magma = viridis::m ...
R/plotNetworkScore.R#L69                       viridis = viridis: ...
R/plotNetworkScore.R#L70                       BlGrRd = (grDevice ...
R/plotNetworkScore.R#L71                       Spectral = (grDevi ...
R/plotNetworkScore.R#L72                       RdYlBu = (grDevice ...
R/plotNetworkScore.R#L73                       blues9 = grDevices ...
R/plotNetworkScore.R#L74   } else { ...
R/plotNetworkScore.R#L76   } ...
R/plotNetworkScore.R#L78   if(is.character(label_attr) && length( ...
R/plotNetworkScore.R#L80   } ...
R/plotNetworkScore.R#L82   label_attr <- as.vector(label_attr) ...
R/plotNetworkScore.R#L84   if(is.null(genes)) { ...
R/plotNetworkScore.R#L86   } else { ...
R/plotNetworkScore.R#L88       message(paste0(genes[which(!genes  ...
R/plotNetworkScore.R#L89       genes <- genes[which(genes %in% ro ...
R/plotNetworkScore.R#L90       if(length(genes) == 0) { ...
R/plotNetworkScore.R#L92       } ...
R/plotNetworkScore.R#L95   } ...
R/plotNetworkScore.R#L97   if(is.null(score)) { ...
R/plotNetworkScore.R#L100       exp_mat <- t(apply(exp_mat, 1, fun ...
R/plotNetworkScore.R#L103   } else { ...
R/plotNetworkScore.R#L105       if(!all(genes %in% rownames(score) ...
R/plotNetworkScore.R#L109           return('No gene in `score`') ...
R/plotNetworkScore.R#L111       } ...
R/plotNetworkScore.R#L112       if(normalize) { ...
R/plotNetworkScore.R#L114       } ...
R/plotNetworkScore.R#L115       score <- score[genes,] ...
R/plotNetworkScore.R#L117   } ...
R/plotNetworkScore.R#L119   if(!is.vector(score)) { ...
R/plotNetworkScore.R#L121   } ...
R/plotNetworkScore.R#L123   if(is.null(names(score))) { ...
R/plotNetworkScore.R#L125   } else { ...
R/plotNetworkScore.R#L127   } ...
R/plotNetworkScore.R#L129   edges <- net@metadata$network$edges ...
R/plotNetworkScore.R#L131   if(smooth) { ...
R/plotNetworkScore.R#L133                                          ...
R/plotNetworkScore.R#L135                                    score ...
R/plotNetworkScore.R#L136                                    n_nea ...
R/plotNetworkScore.R#L142   } ...
R/plotNetworkScore.R#L144   if(is.null(na.vec)) { ...
R/plotNetworkScore.R#L146   } ...
R/plotNetworkScore.R#L148   alpha <- min_max_normalize(score) ...
R/plotNetworkScore.R#L150   min_maxed_score <- alpha ...
R/plotNetworkScore.R#L152   if(fix_alpha) { ...
R/plotNetworkScore.R#L154   } ...
R/plotNetworkScore.R#L156   if(is.null(title)) { ...
R/plotNetworkScore.R#L158       title <- paste(genes[seq(1,min(len ...
R/plotNetworkScore.R#L160   } ...
R/plotNetworkScore.R#L162   weights <- apply(edges, 1, function(i) ...
R/plotNetworkScore.R#L164                                          ...
R/plotNetworkScore.R#L166   }) ...
R/plotNetworkScore.R#L167   edges$weight <- as.numeric(weights) ...
R/plotNetworkScore.R#L169   layout <- data.frame('x' = net$X_coord ...
R/plotNetworkScore.R#L170   rownames(layout) <- colnames(net) ...
R/plotNetworkScore.R#L171   if(is.null(label_attr)) { ...
R/plotNetworkScore.R#L173   } ...
R/plotNetworkScore.R#L174   layout$labels <- label_attr ...
R/plotNetworkScore.R#L175   layout$fill <- score ...
R/plotNetworkScore.R#L176   layout$color <- score ...
R/plotNetworkScore.R#L177   if(is.null(alpha)) { ...
R/plotNetworkScore.R#L179   } ...
R/plotNetworkScore.R#L180   layout$trans <- alpha ...
R/plotNetworkScore.R#L181   size <- rep(max(max_size, 100/dim(layo ...
R/plotNetworkScore.R#L182   layout$size <- size ...
R/plotNetworkScore.R#L183   layout <- layout[order(score, decreasi ...
R/plotNetworkScore.R#L185   custom_theme <- ggplot2::theme( ...
R/plotNetworkScore.R#L197       size = 16, ...
R/plotNetworkScore.R#L198       face = "bold", ...
R/plotNetworkScore.R#L199       hjust = 0.5 ...
R/plotNetworkScore.R#L201   ) ...
R/plotNetworkScore.R#L203   p <- ggplot2::ggplot() ...
R/plotNetworkScore.R#L205   if(!is.null(edges) & show_edges) { ...
R/plotNetworkScore.R#L207                                          ...
R/plotNetworkScore.R#L208                                          ...
R/plotNetworkScore.R#L209                                          ...
R/plotNetworkScore.R#L210                                    colou ...
R/plotNetworkScore.R#L211                                    na.rm ...
R/plotNetworkScore.R#L212                                    linew ...
R/plotNetworkScore.R#L213                                    alpha ...
R/plotNetworkScore.R#L214   } ...
R/plotNetworkScore.R#L216   p <- p + ggplot2::geom_point(data = la ...
R/plotNetworkScore.R#L217                                          ...
R/plotNetworkScore.R#L218                                          ...
R/plotNetworkScore.R#L219                                          ...
R/plotNetworkScore.R#L220                                          ...
R/plotNetworkScore.R#L221                                size = la ...
R/plotNetworkScore.R#L222                                shape = 2 ...
R/plotNetworkScore.R#L223                                stroke =  ...
R/plotNetworkScore.R#L224                                show.lege ...
R/plotNetworkScore.R#L226   p <- p + ggplot2::scale_fill_gradientn ...
R/plotNetworkScore.R#L227                                          ...
R/plotNetworkScore.R#L232   p <- p + ggplot2::theme(legend.text =  ...
R/plotNetworkScore.R#L234   p <- p + ggplot2::scale_alpha_identity ...
R/plotNetworkScore.R#L238                                          ...
R/plotNetworkScore.R#L239                                          ...
R/plotNetworkScore.R#L241   if(all(is.na(label_attr))) { ...
R/plotNetworkScore.R#L243   } ...
R/plotNetworkScore.R#L245   all_cx <- c() ...
R/plotNetworkScore.R#L246   all_cy <- c() ...
R/plotNetworkScore.R#L247   all_colors <- c() ...
R/plotNetworkScore.R#L248   for (g in unique(label_attr)) { ...
R/plotNetworkScore.R#L251       all_cx <- c(all_cx, as.numeric(c[1 ...
R/plotNetworkScore.R#L252       all_cy <- c(all_cy, as.numeric(c[2 ...
R/plotNetworkScore.R#L253       all_colors <- c(all_colors, as.vec ...
R/plotNetworkScore.R#L255       v_x <- as.numeric(c[,1]) ...
R/plotNetworkScore.R#L256       v_y <- as.numeric(c[,2]) ...
R/plotNetworkScore.R#L257       mx <- stats::median(v_x) ...
R/plotNetworkScore.R#L258       my <- stats::median(as.numeric(c[, ...
R/plotNetworkScore.R#L259       external_point <- c(mx, my) ...
R/plotNetworkScore.R#L260       points <- apply(c[,c(1, 2)], 2, as ...
R/plotNetworkScore.R#L261       dif_x <- (points[,1] - external_po ...
R/plotNetworkScore.R#L262       dif_y <- (points[,2] - external_po ...
R/plotNetworkScore.R#L263       distances <- sqrt(rowSums(cbind(di ...
R/plotNetworkScore.R#L264       closest_point_index <- which.min(d ...
R/plotNetworkScore.R#L265       closest_point <- c[closest_point_i ...
R/plotNetworkScore.R#L266       all_cx <- c(all_cx, as.numeric(clo ...
R/plotNetworkScore.R#L267       all_cy <- c(all_cy, as.numeric(clo ...
R/plotNetworkScore.R#L268       all_colors <- c(all_colors, as.vec ...
R/plotNetworkScore.R#L270   } ...
R/plotNetworkScore.R#L272   if(any(is.na(all_colors))) { ...
R/plotNetworkScore.R#L274   } ...
R/plotNetworkScore.R#L276   all_colors_hex <- scales::col_numeric( ...
R/plotNetworkScore.R#L279   )(all_colors) ...
R/plotNetworkScore.R#L281   p <- p + ggrepel::geom_label_repel(ggp ...
R/plotNetworkScore.R#L282                                          ...
R/plotNetworkScore.R#L283                                          ...
R/plotNetworkScore.R#L284                                      col ...
R/plotNetworkScore.R#L285                                      box ...
R/plotNetworkScore.R#L286                                      max ...
R/plotNetworkScore.R#L287                                      sho ...
R/plotNetworkScore.R#L288   return(p) ...
R/plotSameLayout.R#L68                            new_cor, ...
R/plotSameLayout.R#L69                            color_attr =  ...
R/plotSameLayout.R#L70                            label_attr =  ...
R/plotSameLayout.R#L71                            col_vector =  ...
R/plotSameLayout.R#L72                            no_label = FA ...
R/plotSameLayout.R#L73                            new_points_co ...
R/plotSameLayout.R#L74                            max_size = 3, ...
R/plotSameLayout.R#L75                            only_new_poin ...
R/plotSameLayout.R#L76                            annotate = TR ...
R/plotSameLayout.R#L77                            n_nearest = 1 ...
R/plotSameLayout.R#L78                            new_name = NU ...
R/plotSameLayout.R#L79                            order_names = ...
R/plotSameLayout.R#L80                            plot = TRUE, ...
R/plotSameLayout.R#L81                            ...) { ...
R/plotSameLayout.R#L83   if(is.null(col_vector)) { ...
R/plotSameLayout.R#L85   } ...
R/plotSameLayout.R#L87   orig_col_attr <- color_attr ...
R/plotSameLayout.R#L88   orig_label_attr <- label_attr ...
R/plotSameLayout.R#L89   orig_col_vec <- col_vector ...
R/plotSameLayout.R#L91   if(!plot | ncol(new_cor) > 1000) { ...
R/plotSameLayout.R#L93                                          ...
R/plotSameLayout.R#L94                                          ...
R/plotSameLayout.R#L95                                          ...
R/plotSameLayout.R#L96                                          ...
R/plotSameLayout.R#L97                                          ...
R/plotSameLayout.R#L103   } ...
R/plotSameLayout.R#L105   if(is.character(label_attr) && length( ...
R/plotSameLayout.R#L107   } ...
R/plotSameLayout.R#L108   if(is.character(color_attr) && length( ...
R/plotSameLayout.R#L110   } ...
R/plotSameLayout.R#L111   if(is.character(col_vector) && length( ...
R/plotSameLayout.R#L113   } ...
R/plotSameLayout.R#L114   label_attr <- as.vector(label_attr) ...
R/plotSameLayout.R#L115   color_attr <- as.vector(color_attr) ...
R/plotSameLayout.R#L116   names(col_vector) <- color_attr ...
R/plotSameLayout.R#L118   new_clusters <- colnames(new_cor) ...
R/plotSameLayout.R#L119   if(is.null(new_name)) { ...
R/plotSameLayout.R#L121   } ...
R/plotSameLayout.R#L123   if(is.null(label_attr) & !no_label) { ...
R/plotSameLayout.R#L125   } ...
R/plotSameLayout.R#L126   if(no_label) { ...
R/plotSameLayout.R#L128   } ...
R/plotSameLayout.R#L130   if(is.null(names(new_points_col))) { ...
R/plotSameLayout.R#L132       new_points_col <- rep(new_points_c ...
R/plotSameLayout.R#L136   } ...
R/plotSameLayout.R#L138   if(length(color_attr) == ncol(net)) { ...
R/plotSameLayout.R#L141       color_attr <- c(color_attr, rep(ne ...
R/plotSameLayout.R#L143       color_attr <- c(color_attr, new_na ...
R/plotSameLayout.R#L145   } else { ...
R/plotSameLayout.R#L147   } ...
R/plotSameLayout.R#L149   if(!is.null(label_attr)) { ...
R/plotSameLayout.R#L151       old_label_attr <- label_attr ...
R/plotSameLayout.R#L152       if(length(new_name) == 1) { ...
R/plotSameLayout.R#L154       } else { ...
R/plotSameLayout.R#L156       } ...
R/plotSameLayout.R#L158       old_label_attr <- label_attr[which ...
R/plotSameLayout.R#L160   } else { ...
R/plotSameLayout.R#L162   } ...
R/plotSameLayout.R#L164   if(any(new_clusters %in% c(old_label_a ...
R/plotSameLayout.R#L166   } ...
R/plotSameLayout.R#L167   colnames(new_cor) <- new_clusters ...
R/plotSameLayout.R#L169   layout <- cbind(net$X_coord, net$Y_coo ...
R/plotSameLayout.R#L170   rownames(layout) <- colnames(net) ...
R/plotSameLayout.R#L171   edges <- net@metadata$network$edges ...
R/plotSameLayout.R#L172   network <- net@metadata$network$adj_ma ...
R/plotSameLayout.R#L174   if(length(unique(col_vector)) == lengt ...
R/plotSameLayout.R#L176       old_names <- names(col_vector) ...
R/plotSameLayout.R#L177       col_vector <- c(col_vector, new_po ...
R/plotSameLayout.R#L178       names(col_vector) <- c(old_names,  ...
R/plotSameLayout.R#L180       col_vector <- c(col_vector, new_po ...
R/plotSameLayout.R#L181       names(col_vector) <- c(unique(old_ ...
R/plotSameLayout.R#L183   } ...
R/plotSameLayout.R#L185   center <- c(mean(as.numeric(layout[,1] ...
R/plotSameLayout.R#L187   annot <- rownames(new_cor) ...
R/plotSameLayout.R#L188   layout_x <- as.numeric(layout[,1]) ...
R/plotSameLayout.R#L189   layout_y <- as.numeric(layout[,2]) ...
R/plotSameLayout.R#L191   neighbors_coords <- do.call(rbind,lapp ...
R/plotSameLayout.R#L192       col <- new_cor[, j] ...
R/plotSameLayout.R#L194       ord <- order(col, decreasing = TRU ...
R/plotSameLayout.R#L195       idx <- ord[seq_len(n_nearest)] ...
R/plotSameLayout.R#L197       xs <- layout_x[idx] ...
R/plotSameLayout.R#L198       ys <- layout_y[idx] ...
R/plotSameLayout.R#L200       sim <- col[idx] ...
R/plotSameLayout.R#L202       w <- sim / sum(sim) ...
R/plotSameLayout.R#L203       weighted_x <- sum(xs * w) ...
R/plotSameLayout.R#L204       weighted_y <- sum(ys * w) ...
R/plotSameLayout.R#L206       avg_sim <- mean(sim) ...
R/plotSameLayout.R#L207       factor <- min(1, 2 * avg_sim) ...
R/plotSameLayout.R#L209       return((1 - factor) * center + fac ...
R/plotSameLayout.R#L210   })) ...
R/plotSameLayout.R#L212   rownames(neighbors_coords) <- colnames ...
R/plotSameLayout.R#L214   new_layout <- rbind(layout, neighbors_ ...
R/plotSameLayout.R#L216   new_edges <- do.call(rbind, lapply(col ...
R/plotSameLayout.R#L221                        'to' = n, ...
R/plotSameLayout.R#L222                        'weight' = cors/m ...
R/plotSameLayout.R#L223                        'from.x' = new_la ...
R/plotSameLayout.R#L224                        'from.y' = new_la ...
R/plotSameLayout.R#L225                        'to.x' = new_layo ...
R/plotSameLayout.R#L226                        'to.y' = new_layo ...
R/plotSameLayout.R#L228   })) ...
R/plotSameLayout.R#L230   rownames(new_edges) <- seq(1, nrow(new ...
R/plotSameLayout.R#L232   new_edges_to_use <- rbind(edges, new_e ...
R/plotSameLayout.R#L234   new_layout <- cbind(new_layout, Size = ...
R/plotSameLayout.R#L235   new_layout[which(color_attr %in% new_n ...
R/plotSameLayout.R#L236   new_layout <- cbind(new_layout, Colors ...
R/plotSameLayout.R#L237   new_layout <- cbind(new_layout, Group  ...
R/plotSameLayout.R#L238   if(!is.null(label_attr)) { ...
R/plotSameLayout.R#L240   } ...
R/plotSameLayout.R#L241   new_layout <- new_layout[order(match(n ...
R/plotSameLayout.R#L243   if(!is.null(label_attr)) { ...
R/plotSameLayout.R#L245                       color_attr = new_l ...
R/plotSameLayout.R#L246                       label_attr = new_l ...
R/plotSameLayout.R#L247                       edges = new_edges_ ...
R/plotSameLayout.R#L248                       new_points_col = n ...
R/plotSameLayout.R#L249                       only_new_points =  ...
R/plotSameLayout.R#L250   } ...
R/plotSameLayout.R#L251   else { ...
R/plotSameLayout.R#L253                       color_attr = new_l ...
R/plotSameLayout.R#L254                       label_attr = NULL, ...
R/plotSameLayout.R#L255                       edges = new_edges_ ...
R/plotSameLayout.R#L256                       new_points_col = n ...
R/plotSameLayout.R#L257                       only_new_points =  ...
R/plotSameLayout.R#L258   } ...
R/plotSameLayout.R#L260   out <- S4Vectors::List(new_cor = new_c ...
R/plotSameLayout.R#L261                               new_edges  ...
R/plotSameLayout.R#L262                               new_layout ...
R/plotSameLayout.R#L263                               new_plot = ...
R/plotSameLayout.R#L265   if(annotate) { ...
R/plotSameLayout.R#L267                                          ...
R/plotSameLayout.R#L268                                          ...
R/plotSameLayout.R#L269                                          ...
R/plotSameLayout.R#L270                                          ...
R/plotSameLayout.R#L271                                          ...
R/plotSameLayout.R#L273   } ...
R/plotSameLayout.R#L275   return(out) ...
R/rounder.R#L11   n_split <-  unlist(strsplit(as.charact ...
R/rounder.R#L13   rounded <- as.numeric(paste0(c('1', re ...
R/rounder.R#L15   return(rounded) ...
R/split_sce_cols.R#L16   groups <- as.character(sort(unique(col ...
R/split_sce_cols.R#L17   temp.sce.split <- lapply(groups, funct ...
R/split_sce_cols.R#L18   names(temp.sce.split) <- groups ...
R/split_sce_cols.R#L19   return(temp.sce.split) ...
R/value_table.R#L28   if(reciprocal) { ...
R/value_table.R#L32       f_v <- v[which(names(v) == i)] ...
R/value_table.R#L33       if(compute_means) { ...
R/value_table.R#L35       } else { ...
R/value_table.R#L37       } ...
R/value_table.R#L41   } else { ...
R/value_table.R#L44       f_v <- v[which(names(v) == i)] ...
R/value_table.R#L45       if(compute_means) { ...
R/value_table.R#L47       } else { ...
R/value_table.R#L49       } ...
R/value_table.R#L52   } ...
R/value_table.R#L54   if(perc) { ...
R/value_table.R#L56   } ...
R/value_table.R#L58   if(sort) { ...
R/value_table.R#L61   } ...
R/value_table.R#L63   return(tab) ...
R/zzz.R#L2   utils::globalVariables(c("Var1", "Var2 ...
vignettes/neuRoDev.Rmd#L14   collapse = TRUE, ...
vignettes/neuRoDev.Rmd#L15   comment = "#>" ...
* Checking if package already exists in CRAN... OK
* Checking for bioc-devel mailing list subscription...
* NOTE: Cannot determine whether maintainer is subscribed to the Bioc-Devel mailing list (requires admin credentials). Subscribe here: https://stat.ethz.ch/mailman/listinfo/bioc-devel
* Checking for support site registration... OK
